<?xml version="1.0" encoding="UTF-8"?>
<!-- Generated by org.testng.reporters.JUnitXMLReporter -->
<testsuite hostname="DESKTOP-51NR18P" ignored="1" name="Test_Param" tests="5" failures="0" timestamp="10 Mar 2019 11:26:51 GMT" time="76.067" errors="0">
  <testcase name="createLeadTestcase" time="5.012" classname="week5.day2.CreateLead"/>
  <testcase name="createLeadTestcase" time="4.101" classname="week5.day2.CreateLead"/>
  <testcase name="duplicateLeadTestCase" time="11.79" classname="week5.day2.DuplicateLead"/>
  <testcase name="editLeadTestCase" time="10.065" classname="week5.day2.EditLead"/>
  <testcase name="deleteLeadTestCase" time="15.385" classname="week5.day2.DeleteLead"/>
  <testcase name="mergeLeadTestCase" time="0.0" classname="week5.day2.MergeLead">
    <ignored/>
  </testcase> <!-- mergeLeadTestCase -->
</testsuite> <!-- Test_Param -->
