<?xml version="1.0" encoding="UTF-8"?>
<!-- Generated by org.testng.reporters.JUnitXMLReporter -->
<testsuite hostname="DESKTOP-51NR18P" ignored="1" name="Test_dependson" tests="5" failures="0" timestamp="10 Mar 2019 10:42:47 GMT" time="92.111" errors="0">
  <testcase name="createLeadTestcase" time="3.228" classname="week5.day1.testNGLearning.CreateLead"/>
  <testcase name="createLeadTestcase" time="3.171" classname="week5.day1.testNGLearning.CreateLead"/>
  <testcase name="duplicateLeadTestCase" time="9.984" classname="week5.day1.testNGLearning.DuplicateLead"/>
  <testcase name="editLeadTestCase" time="10.584" classname="week5.day1.testNGLearning.EditLead"/>
  <testcase name="deleteLeadTestCase" time="15.65" classname="week5.day1.testNGLearning.DeleteLead"/>
  <testcase name="mergeLeadTestCase" time="0.0" classname="week5.day1.testNGLearning.MergeLead">
    <ignored/>
  </testcase> <!-- mergeLeadTestCase -->
</testsuite> <!-- Test_dependson -->
