<?xml version="1.0" encoding="UTF-8"?>
<!-- Generated by org.testng.reporters.JUnitXMLReporter -->
<testsuite hostname="DESKTOP-51NR18P" ignored="0" name="Test" tests="5" failures="0" timestamp="14 Mar 2019 07:51:35 GMT" time="108.491" errors="0">
  <testcase name="deleteLeadTestCase" time="16.281" classname="week5.day2.DeleteLead"/>
  <testcase name="deleteLeadTestCase" time="14.79" classname="week5.day2.DeleteLead"/>
  <testcase name="deleteLeadTestCase" time="15.125" classname="week5.day2.DeleteLead"/>
  <testcase name="deleteLeadTestCase" time="14.83" classname="week5.day2.DeleteLead"/>
  <testcase name="createLeadTestcase" time="4.02" classname="week5.day2.CreateLead"/>
</testsuite> <!-- Test -->
