<?xml version="1.0" encoding="UTF-8"?>
<!-- Generated by org.testng.reporters.JUnitXMLReporter -->
<testsuite hostname="DESKTOP-51NR18P" ignored="0" name="Test_toLearndependsonattr" tests="4" failures="0" timestamp="13 Mar 2019 15:40:51 GMT" time="0.059" errors="0">
  <testcase name="a" time="0.024" classname="dailyHomeWork.DailyHomeWork"/>
  <testcase name="d" time="0.002" classname="dailyHomeWork.DailyHomeWork"/>
  <testcase name="c" time="0.001" classname="dailyHomeWork.DailyHomeWork"/>
  <testcase name="b" time="0.001" classname="dailyHomeWork.DailyHomeWork"/>
</testsuite> <!-- Test_toLearndependsonattr -->
