<?xml version="1.0" encoding="UTF-8"?>
<!-- Generated by org.testng.reporters.JUnitXMLReporter -->
<testsuite hostname="DESKTOP-51NR18P" ignored="0" name="Test_dataprovider" tests="1" failures="1" timestamp="14 Mar 2019 06:27:40 GMT" time="16.276" errors="0">
  <testcase name="deleteLeadTestCase" time="0.0" classname="week5.day2.DeleteLead">
    <failure type="org.testng.TestNGException" message="
Cannot inject @Test annotated Method [deleteLeadTestCase] with [class java.lang.String].
For more information on native dependency injection please refer to http://testng.org/doc/documentation-main.html#native-dependency-injection">
      <![CDATA[org.testng.TestNGException: 
Cannot inject @Test annotated Method [deleteLeadTestCase] with [class java.lang.String].
For more information on native dependency injection please refer to http://testng.org/doc/documentation-main.html#native-dependency-injection
... Removed 24 stack frames]]>
    </failure>
  </testcase> <!-- deleteLeadTestCase -->
</testsuite> <!-- Test_dataprovider -->
