<?xml version="1.0" encoding="UTF-8"?>
<!-- Generated by org.testng.reporters.JUnitXMLReporter -->
<testsuite hostname="DESKTOP-51NR18P" ignored="0" name="TestDelete" tests="4" failures="0" timestamp="14 Mar 2019 07:48:40 GMT" time="89.12" errors="0">
  <testcase name="deleteLeadTestCase" time="17.568" classname="week5.day2.DeleteLead"/>
  <testcase name="deleteLeadTestCase" time="14.956" classname="week5.day2.DeleteLead"/>
  <testcase name="deleteLeadTestCase" time="14.676" classname="week5.day2.DeleteLead"/>
  <testcase name="deleteLeadTestCase" time="14.8" classname="week5.day2.DeleteLead"/>
</testsuite> <!-- TestDelete -->
