<?xml version="1.0" encoding="UTF-8"?>
<!-- Generated by org.testng.reporters.JUnitXMLReporter -->
<testsuite hostname="DESKTOP-51NR18P" ignored="1" name="Test_3tcs" tests="3" failures="0" timestamp="10 Mar 2019 10:39:22 GMT" time="42.582" errors="0">
  <testcase name="createLeadTestcase" time="3.472" classname="week5.day1.testNGLearning.CreateLead"/>
  <testcase name="createLeadTestcase" time="3.178" classname="week5.day1.testNGLearning.CreateLead"/>
  <testcase name="editLeadTestCase" time="9.687" classname="week5.day1.testNGLearning.EditLead"/>
  <testcase name="mergeLeadTestCase" time="0.0" classname="week5.day1.testNGLearning.MergeLead">
    <ignored/>
  </testcase> <!-- mergeLeadTestCase -->
</testsuite> <!-- Test_3tcs -->
